# JRE version: Java(TM) SE Runtime Environment (8.0_144-b01) (build 1.8.0_144-b01)
# Java VM: Java HotSpot(TM) 64-Bit Server VM (25.144-b01 mixed mode bsd-amd64 compressed oops)
Heap:
 PSYoungGen      total 38400K, used 13917K [0x0000000795580000, 0x0000000798000000, 0x00000007c0000000)
  eden space 33280K, 30% used [0x0000000795580000,0x0000000795f82838,0x0000000797600000)
  from space 5120K, 71% used [0x0000000797600000,0x0000000797994cf0,0x0000000797b00000)
  to   space 5120K, 0% used [0x0000000797b00000,0x0000000797b00000,0x0000000798000000)
 ParOldGen       total 74240K, used 14203K [0x0000000740000000, 0x0000000744880000, 0x0000000795580000)
  object space 74240K, 19% used [0x0000000740000000,0x0000000740dded00,0x0000000744880000)
 Metaspace       used 23121K, capacity 24256K, committed 24368K, reserved 1071104K
  class space    used 3256K, capacity 3524K, committed 3632K, reserved 1048576K
GC Heap History (8 events):
Event: 1.826 GC heap before
{Heap before GC invocations=1 (full 0):
 PSYoungGen      total 38400K, used 33280K [0x0000000795580000, 0x0000000798000000, 0x00000007c0000000)
  eden space 33280K, 100% used [0x0000000795580000,0x0000000797600000,0x0000000797600000)
  from space 5120K, 0% used [0x0000000797b00000,0x0000000797b00000,0x0000000798000000)
  to   space 5120K, 0% used [0x0000000797600000,0x0000000797600000,0x0000000797b00000)
 ParOldGen       total 87552K, used 0K [0x0000000740000000, 0x0000000745580000, 0x0000000795580000)
  object space 87552K, 0% used [0x0000000740000000,0x0000000740000000,0x0000000745580000)
 Metaspace       used 14235K, capacity 14680K, committed 15104K, reserved 1062912K
  class space    used 1840K, capacity 1980K, committed 2048K, reserved 1048576K
Event: 1.839 GC heap after
Heap after GC invocations=1 (full 0):
 PSYoungGen      total 38400K, used 5095K [0x0000000795580000, 0x0000000798000000, 0x00000007c0000000)
  eden space 33280K, 0% used [0x0000000795580000,0x0000000795580000,0x0000000797600000)
  from space 5120K, 99% used [0x0000000797600000,0x0000000797af9cf0,0x0000000797b00000)
  to   space 5120K, 0% used [0x0000000797b00000,0x0000000797b00000,0x0000000798000000)
 ParOldGen       total 87552K, used 144K [0x0000000740000000, 0x0000000745580000, 0x0000000795580000)
  object space 87552K, 0% used [0x0000000740000000,0x0000000740024010,0x0000000745580000)
 Metaspace       used 14235K, capacity 14680K, committed 15104K, reserved 1062912K
  class space    used 1840K, capacity 1980K, committed 2048K, reserved 1048576K
}
Event: 6.749 GC heap before
{Heap before GC invocations=2 (full 0):
 PSYoungGen      total 38400K, used 29855K [0x0000000795580000, 0x0000000798000000, 0x00000007c0000000)
  eden space 33280K, 74% used [0x0000000795580000,0x0000000796dae210,0x0000000797600000)
  from space 5120K, 99% used [0x0000000797600000,0x0000000797af9cf0,0x0000000797b00000)
  to   space 5120K, 0% used [0x0000000797b00000,0x0000000797b00000,0x0000000798000000)
 ParOldGen       total 87552K, used 144K [0x0000000740000000, 0x0000000745580000, 0x0000000795580000)
  object space 87552K, 0% used [0x0000000740000000,0x0000000740024010,0x0000000745580000)
 Metaspace       used 20518K, capacity 21254K, committed 21296K, reserved 1067008K
  class space    used 2930K, capacity 3113K, committed 3120K, reserved 1048576K
Event: 6.762 GC heap after
Heap after GC invocations=2 (full 0):
 PSYoungGen      total 38400K, used 5088K [0x0000000795580000, 0x0000000798000000, 0x00000007c0000000)
  eden space 33280K, 0% used [0x0000000795580000,0x0000000795580000,0x0000000797600000)
  from space 5120K, 99% used [0x0000000797b00000,0x0000000797ff8030,0x0000000798000000)
  to   space 5120K, 0% used [0x0000000797600000,0x0000000797600000,0x0000000797b00000)
 ParOldGen       total 87552K, used 8114K [0x0000000740000000, 0x0000000745580000, 0x0000000795580000)
  object space 87552K, 9% used [0x0000000740000000,0x00000007407eca80,0x0000000745580000)
 Metaspace       used 20518K, capacity 21254K, committed 21296K, reserved 1067008K
  class space    used 2930K, capacity 3113K, committed 3120K, reserved 1048576K
}
Event: 6.762 GC heap before
{Heap before GC invocations=3 (full 1):
 PSYoungGen      total 38400K, used 5088K [0x0000000795580000, 0x0000000798000000, 0x00000007c0000000)
  eden space 33280K, 0% used [0x0000000795580000,0x0000000795580000,0x0000000797600000)
  from space 5120K, 99% used [0x0000000797b00000,0x0000000797ff8030,0x0000000798000000)
  to   space 5120K, 0% used [0x0000000797600000,0x0000000797600000,0x0000000797b00000)
 ParOldGen       total 87552K, used 8114K [0x0000000740000000, 0x0000000745580000, 0x0000000795580000)
  object space 87552K, 9% used [0x0000000740000000,0x00000007407eca80,0x0000000745580000)
 Metaspace       used 20518K, capacity 21254K, committed 21296K, reserved 1067008K
  class space    used 2930K, capacity 3113K, committed 3120K, reserved 1048576K
Event: 6.800 GC heap after
Heap after GC invocations=3 (full 1):
 PSYoungGen      total 38400K, used 0K [0x0000000795580000, 0x0000000798000000, 0x00000007c0000000)
  eden space 33280K, 0% used [0x0000000795580000,0x0000000795580000,0x0000000797600000)
  from space 5120K, 0% used [0x0000000797b00000,0x0000000797b00000,0x0000000798000000)
  to   space 5120K, 0% used [0x0000000797600000,0x0000000797600000,0x0000000797b00000)
 ParOldGen       total 74240K, used 12207K [0x0000000740000000, 0x0000000744880000, 0x0000000795580000)
  object space 74240K, 16% used [0x0000000740000000,0x0000000740bebcf0,0x0000000744880000)
 Metaspace       used 20518K, capacity 21254K, committed 21296K, reserved 1067008K
  class space    used 2930K, capacity 3113K, committed 3120K, reserved 1048576K
}
Event: 37.936 GC heap before
{Heap before GC invocations=4 (full 1):
 PSYoungGen      total 38400K, used 33280K [0x0000000795580000, 0x0000000798000000, 0x00000007c0000000)
  eden space 33280K, 100% used [0x0000000795580000,0x0000000797600000,0x0000000797600000)
  from space 5120K, 0% used [0x0000000797b00000,0x0000000797b00000,0x0000000798000000)
  to   space 5120K, 0% used [0x0000000797600000,0x0000000797600000,0x0000000797b00000)
 ParOldGen       total 74240K, used 12207K [0x0000000740000000, 0x0000000744880000, 0x0000000795580000)
  object space 74240K, 16% used [0x0000000740000000,0x0000000740bebcf0,0x0000000744880000)
 Metaspace       used 22947K, capacity 24092K, committed 24240K, reserved 1071104K
  class space    used 3245K, capacity 3492K, committed 3504K, reserved 1048576K
Event: 37.948 GC heap after
Heap after GC invocations=4 (full 1):
 PSYoungGen      total 38400K, used 3667K [0x0000000795580000, 0x0000000798000000, 0x00000007c0000000)
  eden space 33280K, 0% used [0x0000000795580000,0x0000000795580000,0x0000000797600000)
  from space 5120K, 71% used [0x0000000797600000,0x0000000797994cf0,0x0000000797b00000)
  to   space 5120K, 0% used [0x0000000797b00000,0x0000000797b00000,0x0000000798000000)
 ParOldGen       total 74240K, used 14203K [0x0000000740000000, 0x0000000744880000, 0x0000000795580000)
  object space 74240K, 19% used [0x0000000740000000,0x0000000740dded00,0x0000000744880000)
 Metaspace       used 22947K, capacity 24092K, committed 24240K, reserved 1071104K
  class space    used 3245K, capacity 3492K, committed 3504K, reserved 1048576K
}

